<?xml version="1.0" encoding="UTF-8"?>
<!-- Generated by org.testng.reporters.JUnitReportReporter -->
<testsuite hostname="vhtuan" name="test.TestTitle" tests="1" failures="0" timestamp="26 Jul 2015 10:28:59 GMT" time="6.965" errors="0">
  <testcase name="testEasy" time="6.965" classname="test.TestTitle"/>
</testsuite> <!-- test.TestTitle -->
